<?xml version="1.0" encoding="UTF-8"?>
<!-- Generated by org.testng.reporters.JUnitReportReporter -->
<testsuite hostname="LAPTOP-IV3UDAB9" failures="0" tests="2" name="testngpractice.Sample" time="3.114" errors="0" timestamp="2022-10-16T15:48:53 IST" skipped="0">
  <testcase classname="testngpractice.Sample" name="login" time="2.959"/>
  <system-out/>
  <testcase classname="testngpractice.Sample" name="verfiydeetails" time="0.155"/>
  <system-out/>
</testsuite> <!-- testngpractice.Sample -->
